<?xml version="1.0" encoding="UTF-8"?>
<testsuite xmlns:xsi="http://www.w3.org/2001/XMLSchema-instance" xsi:noNamespaceSchemaLocation="https://maven.apache.org/surefire/maven-surefire-plugin/xsd/surefire-test-report-3.0.xsd" version="3.0" name="airline.RunCucumberTest" time="0.582" tests="18" errors="0" skipped="0" failures="5">
  <properties>
    <property name="java.specification.version" value="22"/>
    <property name="sun.cpu.isalist" value="amd64"/>
    <property name="sun.jnu.encoding" value="Cp1252"/>
    <property name="java.class.path" value="C:\Users\Biscaia\Work\Xray Demo\new-demo-automations\airline\target\test-classes;C:\Users\Biscaia\Work\Xray Demo\new-demo-automations\airline\target\classes;C:\Users\Biscaia\.m2\repository\io\cucumber\cucumber-java\7.18.0\cucumber-java-7.18.0.jar;C:\Users\Biscaia\.m2\repository\io\cucumber\cucumber-core\7.18.0\cucumber-core-7.18.0.jar;C:\Users\Biscaia\.m2\repository\io\cucumber\cucumber-gherkin\7.18.0\cucumber-gherkin-7.18.0.jar;C:\Users\Biscaia\.m2\repository\io\cucumber\cucumber-gherkin-messages\7.18.0\cucumber-gherkin-messages-7.18.0.jar;C:\Users\Biscaia\.m2\repository\io\cucumber\gherkin\28.0.0\gherkin-28.0.0.jar;C:\Users\Biscaia\.m2\repository\io\cucumber\messages\24.1.0\messages-24.1.0.jar;C:\Users\Biscaia\.m2\repository\io\cucumber\testng-xml-formatter\0.1.0\testng-xml-formatter-0.1.0.jar;C:\Users\Biscaia\.m2\repository\io\cucumber\query\12.1.2\query-12.1.2.jar;C:\Users\Biscaia\.m2\repository\io\cucumber\tag-expressions\6.1.0\tag-expressions-6.1.0.jar;C:\Users\Biscaia\.m2\repository\io\cucumber\cucumber-expressions\17.1.0\cucumber-expressions-17.1.0.jar;C:\Users\Biscaia\.m2\repository\io\cucumber\datatable\7.18.0\datatable-7.18.0.jar;C:\Users\Biscaia\.m2\repository\io\cucumber\cucumber-plugin\7.18.0\cucumber-plugin-7.18.0.jar;C:\Users\Biscaia\.m2\repository\io\cucumber\docstring\7.18.0\docstring-7.18.0.jar;C:\Users\Biscaia\.m2\repository\io\cucumber\html-formatter\21.3.1\html-formatter-21.3.1.jar;C:\Users\Biscaia\.m2\repository\io\cucumber\junit-xml-formatter\0.4.0\junit-xml-formatter-0.4.0.jar;C:\Users\Biscaia\.m2\repository\io\cucumber\ci-environment\10.0.1\ci-environment-10.0.1.jar;C:\Users\Biscaia\.m2\repository\org\apiguardian\apiguardian-api\1.1.2\apiguardian-api-1.1.2.jar;C:\Users\Biscaia\.m2\repository\io\cucumber\cucumber-junit-platform-engine\7.18.0\cucumber-junit-platform-engine-7.18.0.jar;C:\Users\Biscaia\.m2\repository\org\junit\platform\junit-platform-engine\1.10.2\junit-platform-engine-1.10.2.jar;C:\Users\Biscaia\.m2\repository\org\opentest4j\opentest4j\1.3.0\opentest4j-1.3.0.jar;C:\Users\Biscaia\.m2\repository\org\junit\platform\junit-platform-commons\1.10.2\junit-platform-commons-1.10.2.jar;C:\Users\Biscaia\.m2\repository\org\junit\platform\junit-platform-suite\1.10.2\junit-platform-suite-1.10.2.jar;C:\Users\Biscaia\.m2\repository\org\junit\platform\junit-platform-suite-api\1.10.2\junit-platform-suite-api-1.10.2.jar;C:\Users\Biscaia\.m2\repository\org\junit\platform\junit-platform-suite-engine\1.10.2\junit-platform-suite-engine-1.10.2.jar;C:\Users\Biscaia\.m2\repository\org\junit\platform\junit-platform-suite-commons\1.10.2\junit-platform-suite-commons-1.10.2.jar;C:\Users\Biscaia\.m2\repository\org\junit\platform\junit-platform-launcher\1.10.2\junit-platform-launcher-1.10.2.jar;C:\Users\Biscaia\.m2\repository\org\junit\jupiter\junit-jupiter\5.10.2\junit-jupiter-5.10.2.jar;C:\Users\Biscaia\.m2\repository\org\junit\jupiter\junit-jupiter-api\5.10.2\junit-jupiter-api-5.10.2.jar;C:\Users\Biscaia\.m2\repository\org\junit\jupiter\junit-jupiter-params\5.10.2\junit-jupiter-params-5.10.2.jar;C:\Users\Biscaia\.m2\repository\org\junit\jupiter\junit-jupiter-engine\5.10.2\junit-jupiter-engine-5.10.2.jar;C:\Users\Biscaia\.m2\repository\app\getxray\xray-maven-plugin\0.7.5\xray-maven-plugin-0.7.5.jar;C:\Users\Biscaia\.m2\repository\com\squareup\okhttp3\okhttp\4.9.3\okhttp-4.9.3.jar;C:\Users\Biscaia\.m2\repository\com\squareup\okio\okio\2.8.0\okio-2.8.0.jar;C:\Users\Biscaia\.m2\repository\org\jetbrains\kotlin\kotlin-stdlib-common\1.4.0\kotlin-stdlib-common-1.4.0.jar;C:\Users\Biscaia\.m2\repository\org\jetbrains\kotlin\kotlin-stdlib\1.4.10\kotlin-stdlib-1.4.10.jar;C:\Users\Biscaia\.m2\repository\org\jetbrains\annotations\13.0\annotations-13.0.jar;C:\Users\Biscaia\.m2\repository\org\json\json\20231013\json-20231013.jar;C:\Users\Biscaia\.m2\repository\org\codehaus\plexus\plexus-utils\3.4.1\plexus-utils-3.4.1.jar;"/>
    <property name="java.vm.vendor" value="Oracle Corporation"/>
    <property name="sun.arch.data.model" value="64"/>
    <property name="user.variant" value=""/>
    <property name="java.vendor.url" value="https://java.oracle.com/"/>
    <property name="user.timezone" value="Europe/Lisbon"/>
    <property name="os.name" value="Windows 11"/>
    <property name="java.vm.specification.version" value="22"/>
    <property name="sun.java.launcher" value="SUN_STANDARD"/>
    <property name="user.country" value="GB"/>
    <property name="sun.boot.library.path" value="C:\Program Files\Java\jdk-22\bin"/>
    <property name="sun.java.command" value="C:\Users\Biscaia\AppData\Local\Temp\surefire13278182329287391341\surefirebooter-20240619170015965_3.jar C:\Users\Biscaia\AppData\Local\Temp\surefire13278182329287391341 2024-06-19T17-00-15_806-jvmRun1 surefire-20240619170015965_1tmp surefire_0-20240619170015965_2tmp"/>
    <property name="jdk.debug" value="release"/>
    <property name="surefire.test.class.path" value="C:\Users\Biscaia\Work\Xray Demo\new-demo-automations\airline\target\test-classes;C:\Users\Biscaia\Work\Xray Demo\new-demo-automations\airline\target\classes;C:\Users\Biscaia\.m2\repository\io\cucumber\cucumber-java\7.18.0\cucumber-java-7.18.0.jar;C:\Users\Biscaia\.m2\repository\io\cucumber\cucumber-core\7.18.0\cucumber-core-7.18.0.jar;C:\Users\Biscaia\.m2\repository\io\cucumber\cucumber-gherkin\7.18.0\cucumber-gherkin-7.18.0.jar;C:\Users\Biscaia\.m2\repository\io\cucumber\cucumber-gherkin-messages\7.18.0\cucumber-gherkin-messages-7.18.0.jar;C:\Users\Biscaia\.m2\repository\io\cucumber\gherkin\28.0.0\gherkin-28.0.0.jar;C:\Users\Biscaia\.m2\repository\io\cucumber\messages\24.1.0\messages-24.1.0.jar;C:\Users\Biscaia\.m2\repository\io\cucumber\testng-xml-formatter\0.1.0\testng-xml-formatter-0.1.0.jar;C:\Users\Biscaia\.m2\repository\io\cucumber\query\12.1.2\query-12.1.2.jar;C:\Users\Biscaia\.m2\repository\io\cucumber\tag-expressions\6.1.0\tag-expressions-6.1.0.jar;C:\Users\Biscaia\.m2\repository\io\cucumber\cucumber-expressions\17.1.0\cucumber-expressions-17.1.0.jar;C:\Users\Biscaia\.m2\repository\io\cucumber\datatable\7.18.0\datatable-7.18.0.jar;C:\Users\Biscaia\.m2\repository\io\cucumber\cucumber-plugin\7.18.0\cucumber-plugin-7.18.0.jar;C:\Users\Biscaia\.m2\repository\io\cucumber\docstring\7.18.0\docstring-7.18.0.jar;C:\Users\Biscaia\.m2\repository\io\cucumber\html-formatter\21.3.1\html-formatter-21.3.1.jar;C:\Users\Biscaia\.m2\repository\io\cucumber\junit-xml-formatter\0.4.0\junit-xml-formatter-0.4.0.jar;C:\Users\Biscaia\.m2\repository\io\cucumber\ci-environment\10.0.1\ci-environment-10.0.1.jar;C:\Users\Biscaia\.m2\repository\org\apiguardian\apiguardian-api\1.1.2\apiguardian-api-1.1.2.jar;C:\Users\Biscaia\.m2\repository\io\cucumber\cucumber-junit-platform-engine\7.18.0\cucumber-junit-platform-engine-7.18.0.jar;C:\Users\Biscaia\.m2\repository\org\junit\platform\junit-platform-engine\1.10.2\junit-platform-engine-1.10.2.jar;C:\Users\Biscaia\.m2\repository\org\opentest4j\opentest4j\1.3.0\opentest4j-1.3.0.jar;C:\Users\Biscaia\.m2\repository\org\junit\platform\junit-platform-commons\1.10.2\junit-platform-commons-1.10.2.jar;C:\Users\Biscaia\.m2\repository\org\junit\platform\junit-platform-suite\1.10.2\junit-platform-suite-1.10.2.jar;C:\Users\Biscaia\.m2\repository\org\junit\platform\junit-platform-suite-api\1.10.2\junit-platform-suite-api-1.10.2.jar;C:\Users\Biscaia\.m2\repository\org\junit\platform\junit-platform-suite-engine\1.10.2\junit-platform-suite-engine-1.10.2.jar;C:\Users\Biscaia\.m2\repository\org\junit\platform\junit-platform-suite-commons\1.10.2\junit-platform-suite-commons-1.10.2.jar;C:\Users\Biscaia\.m2\repository\org\junit\platform\junit-platform-launcher\1.10.2\junit-platform-launcher-1.10.2.jar;C:\Users\Biscaia\.m2\repository\org\junit\jupiter\junit-jupiter\5.10.2\junit-jupiter-5.10.2.jar;C:\Users\Biscaia\.m2\repository\org\junit\jupiter\junit-jupiter-api\5.10.2\junit-jupiter-api-5.10.2.jar;C:\Users\Biscaia\.m2\repository\org\junit\jupiter\junit-jupiter-params\5.10.2\junit-jupiter-params-5.10.2.jar;C:\Users\Biscaia\.m2\repository\org\junit\jupiter\junit-jupiter-engine\5.10.2\junit-jupiter-engine-5.10.2.jar;C:\Users\Biscaia\.m2\repository\app\getxray\xray-maven-plugin\0.7.5\xray-maven-plugin-0.7.5.jar;C:\Users\Biscaia\.m2\repository\com\squareup\okhttp3\okhttp\4.9.3\okhttp-4.9.3.jar;C:\Users\Biscaia\.m2\repository\com\squareup\okio\okio\2.8.0\okio-2.8.0.jar;C:\Users\Biscaia\.m2\repository\org\jetbrains\kotlin\kotlin-stdlib-common\1.4.0\kotlin-stdlib-common-1.4.0.jar;C:\Users\Biscaia\.m2\repository\org\jetbrains\kotlin\kotlin-stdlib\1.4.10\kotlin-stdlib-1.4.10.jar;C:\Users\Biscaia\.m2\repository\org\jetbrains\annotations\13.0\annotations-13.0.jar;C:\Users\Biscaia\.m2\repository\org\json\json\20231013\json-20231013.jar;C:\Users\Biscaia\.m2\repository\org\codehaus\plexus\plexus-utils\3.4.1\plexus-utils-3.4.1.jar;"/>
    <property name="sun.cpu.endian" value="little"/>
    <property name="user.home" value="C:\Users\Biscaia"/>
    <property name="user.language" value="en"/>
    <property name="java.specification.vendor" value="Oracle Corporation"/>
    <property name="java.version.date" value="2024-04-16"/>
    <property name="java.home" value="C:\Program Files\Java\jdk-22"/>
    <property name="file.separator" value="\"/>
    <property name="basedir" value="C:\Users\Biscaia\Work\Xray Demo\new-demo-automations\airline"/>
    <property name="java.vm.compressedOopsMode" value="Zero based"/>
    <property name="line.separator" value="&#10;"/>
    <property name="java.vm.specification.vendor" value="Oracle Corporation"/>
    <property name="java.specification.name" value="Java Platform API Specification"/>
    <property name="surefire.real.class.path" value="C:\Users\Biscaia\AppData\Local\Temp\surefire13278182329287391341\surefirebooter-20240619170015965_3.jar"/>
    <property name="user.script" value=""/>
    <property name="sun.management.compiler" value="HotSpot 64-Bit Tiered Compilers"/>
    <property name="java.runtime.version" value="22.0.1+8-16"/>
    <property name="user.name" value="Biscaia"/>
    <property name="stdout.encoding" value="Cp1252"/>
    <property name="path.separator" value=";"/>
    <property name="os.version" value="10.0"/>
    <property name="java.runtime.name" value="Java(TM) SE Runtime Environment"/>
    <property name="file.encoding" value="UTF-8"/>
    <property name="java.vm.name" value="Java HotSpot(TM) 64-Bit Server VM"/>
    <property name="localRepository" value="C:\Users\Biscaia\.m2\repository"/>
    <property name="java.vendor.url.bug" value="https://bugreport.java.com/bugreport/"/>
    <property name="java.io.tmpdir" value="C:\Users\Biscaia\AppData\Local\Temp\"/>
    <property name="java.version" value="22.0.1"/>
    <property name="user.dir" value="C:\Users\Biscaia\Work\Xray Demo\new-demo-automations\airline"/>
    <property name="os.arch" value="amd64"/>
    <property name="java.vm.specification.name" value="Java Virtual Machine Specification"/>
    <property name="sun.os.patch.level" value=""/>
    <property name="native.encoding" value="Cp1252"/>
    <property name="java.library.path" value="C:\Program Files\Java\jdk-22\bin;C:\WINDOWS\Sun\Java\bin;C:\WINDOWS\system32;C:\WINDOWS;C:\Program Files\Common Files\Oracle\Java\javapath;C:\Python38\Scripts\;C:\Python38\;C:\Program Files (x86)\Common Files\Oracle\Java\javapath;C:\Windows\system32;C:\Windows;C:\Windows\System32\Wbem;C:\Windows\System32\WindowsPowerShell\v1.0\;C:\Windows\System32\OpenSSH\;C:\Program Files\Intel\WiFi\bin\;C:\Program Files\Common Files\Intel\WirelessCommon\;C:\Program Files (x86)\NVIDIA Corporation\PhysX\Common;C:\Program Files\Git\cmd;C:\Program Files\PuTTY\;C:\Program Files\TortoiseGit\bin;C:\WINDOWS\system32;C:\WINDOWS;C:\WINDOWS\System32\Wbem;C:\WINDOWS\System32\WindowsPowerShell\v1.0\;C:\WINDOWS\System32\OpenSSH\;C:\ProgramData\chocolatey\bin;C:\Program Files\dotnet\;C:\Program Files\WindowsPowerShell\Scripts;C:\WINDOWS\system32;C:\WINDOWS;C:\WINDOWS\System32\Wbem;C:\WINDOWS\System32\WindowsPowerShell\v1.0\;C:\WINDOWS\System32\OpenSSH\;C:\Program Files\Google\Google Apps Migration\;C:\Program Files\nodejs\;C:\Program Files (x86)\Intel\Intel(R) Management Engine Components\DAL;C:\Program Files\Intel\Intel(R) Management Engine Components\DAL;C:\Program Files\WireGuard\;C:\Program Files\Docker\Docker\resources\bin;C:\Program Files\Java\jdk-22\bin;C:\Program Files\apache-maven-3.9.7\bin;C:\Ruby32-x64\bin;C:\Users\Biscaia\AppData\Local\Microsoft\WindowsApps;C:\Users\Biscaia\AppData\Local\Programs\Microsoft VS Code\bin;C:\Users\Biscaia\AppData\Roaming\npm;."/>
    <property name="java.vm.info" value="mixed mode, sharing"/>
    <property name="stderr.encoding" value="Cp1252"/>
    <property name="java.vendor" value="Oracle Corporation"/>
    <property name="java.vm.version" value="22.0.1+8-16"/>
    <property name="sun.io.unicode.encoding" value="UnicodeLittle"/>
    <property name="java.class.version" value="66.0"/>
  </properties>
  <testcase name="Example #1.1" classname="Examples" time="0.09">
    <system-out><![CDATA[
@TEST_BKD1-1952 @DemoDefault @TCD_Sync @TCD_Sync_Model_529
Scenario Outline: Valid Airplane Ticket Reservation_1                                      &amp#27;[90m# airline/1_BKD1-1952.feature:50&amp#27;[0m
  &amp#27;[32mGiven &amp#27;[0m&amp#27;[32mUser navigates to the ticket reservation application&amp#27;[0m                               &amp#27;[90m# airline.StepDefinitions.user_navigates_to_the_ticket_reservation_application()&amp#27;[0m
  &amp#27;[32mWhen &amp#27;[0m&amp#27;[32mUser books a flight from &amp#27;[0m&amp#27;[32m&amp#27;[1m"Portugal"&amp#27;[0m&amp#27;[32m to &amp#27;[0m&amp#27;[32m&amp#27;[1m"United States"&amp#27;[0m                              &amp#27;[90m# airline.StepDefinitions.userBooksAFlightFromFlyingFromToFlyingTo(java.lang.String,java.lang.String)&amp#27;[0m
  &amp#27;[32mAnd &amp#27;[0m&amp#27;[32mSelects &amp#27;[0m&amp#27;[32m&amp#27;[1m"Coach"&amp#27;[0m&amp#27;[32m class with &amp#27;[0m&amp#27;[32m&amp#27;[1m"None"&amp#27;[0m&amp#27;[32m baggage&amp#27;[0m                                            &amp#27;[90m# airline.StepDefinitions.selectsClassClassWithBaggageBaggage(java.lang.String,java.lang.String)&amp#27;[0m
  &amp#27;[32mAnd &amp#27;[0m&amp#27;[32mProvides the details for &amp#27;[0m&amp#27;[32m&amp#27;[1m"1"&amp#27;[0m&amp#27;[32m adult(s) with &amp#27;[0m&amp#27;[32m&amp#27;[1m"0"&amp#27;[0m&amp#27;[32m minor(s)&amp#27;[0m                              &amp#27;[90m# airline.StepDefinitions.providesTheDetailsForAdultsAdultsWithChildrenMinors(java.lang.String,java.lang.String)&amp#27;[0m
  &amp#27;[32mAnd &amp#27;[0m&amp#27;[32mChooses to pay with &amp#27;[0m&amp#27;[32m&amp#27;[1m"Credit Card"&amp#27;[0m&amp#27;[32m and clicks Buy&amp#27;[0m                                     &amp#27;[90m# airline.StepDefinitions.choosesToPayWithPaymentMethodAndClicksBuy(java.lang.String)&amp#27;[0m
  &amp#27;[32mThen &amp#27;[0m&amp#27;[32mTicket reservation with the appropriate details appears in the reservation database&amp#27;[0m &amp#27;[90m# airline.StepDefinitions.ticket_reservation_with_the_appropriate_details_appears_in_the_reservation_database()&amp#27;[0m
]]></system-out>
  </testcase>
  <testcase name="Example #1.2" classname="Examples" time="0.015">
    <system-out><![CDATA[
@TEST_BKD1-1952 @DemoDefault @TCD_Sync @TCD_Sync_Model_529
Scenario Outline: Valid Airplane Ticket Reservation_1                                      &amp#27;[90m# airline/1_BKD1-1952.feature:51&amp#27;[0m
  &amp#27;[32mGiven &amp#27;[0m&amp#27;[32mUser navigates to the ticket reservation application&amp#27;[0m                               &amp#27;[90m# airline.StepDefinitions.user_navigates_to_the_ticket_reservation_application()&amp#27;[0m
  &amp#27;[32mWhen &amp#27;[0m&amp#27;[32mUser books a flight from &amp#27;[0m&amp#27;[32m&amp#27;[1m"United States"&amp#27;[0m&amp#27;[32m to &amp#27;[0m&amp#27;[32m&amp#27;[1m"India"&amp#27;[0m                                 &amp#27;[90m# airline.StepDefinitions.userBooksAFlightFromFlyingFromToFlyingTo(java.lang.String,java.lang.String)&amp#27;[0m
  &amp#27;[32mAnd &amp#27;[0m&amp#27;[32mSelects &amp#27;[0m&amp#27;[32m&amp#27;[1m"Business"&amp#27;[0m&amp#27;[32m class with &amp#27;[0m&amp#27;[32m&amp#27;[1m"Cabin"&amp#27;[0m&amp#27;[32m baggage&amp#27;[0m                                        &amp#27;[90m# airline.StepDefinitions.selectsClassClassWithBaggageBaggage(java.lang.String,java.lang.String)&amp#27;[0m
  &amp#27;[32mAnd &amp#27;[0m&amp#27;[32mProvides the details for &amp#27;[0m&amp#27;[32m&amp#27;[1m"2"&amp#27;[0m&amp#27;[32m adult(s) with &amp#27;[0m&amp#27;[32m&amp#27;[1m"1"&amp#27;[0m&amp#27;[32m minor(s)&amp#27;[0m                              &amp#27;[90m# airline.StepDefinitions.providesTheDetailsForAdultsAdultsWithChildrenMinors(java.lang.String,java.lang.String)&amp#27;[0m
  &amp#27;[32mAnd &amp#27;[0m&amp#27;[32mChooses to pay with &amp#27;[0m&amp#27;[32m&amp#27;[1m"Bank Transfer"&amp#27;[0m&amp#27;[32m and clicks Buy&amp#27;[0m                                   &amp#27;[90m# airline.StepDefinitions.choosesToPayWithPaymentMethodAndClicksBuy(java.lang.String)&amp#27;[0m
  &amp#27;[32mThen &amp#27;[0m&amp#27;[32mTicket reservation with the appropriate details appears in the reservation database&amp#27;[0m &amp#27;[90m# airline.StepDefinitions.ticket_reservation_with_the_appropriate_details_appears_in_the_reservation_database()&amp#27;[0m
]]></system-out>
  </testcase>
  <testcase name="Example #1.3" classname="Examples" time="0.013">
    <failure message="When travelling with children, custormer will not be able to pay with crypto" type="java.lang.AssertionError"><![CDATA[java.lang.AssertionError: When travelling with children, custormer will not be able to pay with crypto
	at airline.StepDefinitions.choosesToPayWithPaymentMethodAndClicksBuy(StepDefinitions.java:47)
	at ✽.Chooses to pay with "Crypto" and clicks Buy(classpath:airline/1_BKD1-1952.feature:46)
]]></failure>
    <system-out><![CDATA[
@TEST_BKD1-1952 @DemoDefault @TCD_Sync @TCD_Sync_Model_529
Scenario Outline: Valid Airplane Ticket Reservation_1                                      &amp#27;[90m# airline/1_BKD1-1952.feature:52&amp#27;[0m
  &amp#27;[32mGiven &amp#27;[0m&amp#27;[32mUser navigates to the ticket reservation application&amp#27;[0m                               &amp#27;[90m# airline.StepDefinitions.user_navigates_to_the_ticket_reservation_application()&amp#27;[0m
  &amp#27;[32mWhen &amp#27;[0m&amp#27;[32mUser books a flight from &amp#27;[0m&amp#27;[32m&amp#27;[1m"India"&amp#27;[0m&amp#27;[32m to &amp#27;[0m&amp#27;[32m&amp#27;[1m"Portugal"&amp#27;[0m                                      &amp#27;[90m# airline.StepDefinitions.userBooksAFlightFromFlyingFromToFlyingTo(java.lang.String,java.lang.String)&amp#27;[0m
  &amp#27;[32mAnd &amp#27;[0m&amp#27;[32mSelects &amp#27;[0m&amp#27;[32m&amp#27;[1m"First"&amp#27;[0m&amp#27;[32m class with &amp#27;[0m&amp#27;[32m&amp#27;[1m"Hold"&amp#27;[0m&amp#27;[32m baggage&amp#27;[0m                                            &amp#27;[90m# airline.StepDefinitions.selectsClassClassWithBaggageBaggage(java.lang.String,java.lang.String)&amp#27;[0m
  &amp#27;[32mAnd &amp#27;[0m&amp#27;[32mProvides the details for &amp#27;[0m&amp#27;[32m&amp#27;[1m"More than 2"&amp#27;[0m&amp#27;[32m adult(s) with &amp#27;[0m&amp#27;[32m&amp#27;[1m"More than 1"&amp#27;[0m&amp#27;[32m minor(s)&amp#27;[0m          &amp#27;[90m# airline.StepDefinitions.providesTheDetailsForAdultsAdultsWithChildrenMinors(java.lang.String,java.lang.String)&amp#27;[0m
  &amp#27;[31mAnd &amp#27;[0m&amp#27;[31mChooses to pay with &amp#27;[0m&amp#27;[31m&amp#27;[1m"Crypto"&amp#27;[0m&amp#27;[31m and clicks Buy&amp#27;[0m                                          &amp#27;[90m# airline.StepDefinitions.choosesToPayWithPaymentMethodAndClicksBuy(java.lang.String)&amp#27;[0m
      &amp#27;[31mjava.lang.AssertionError: When travelling with children, custormer will not be able to pay with crypto
	at airline.StepDefinitions.choosesToPayWithPaymentMethodAndClicksBuy(StepDefinitions.java:47)
	at ✽.Chooses to pay with "Crypto" and clicks Buy(classpath:airline/1_BKD1-1952.feature:46)
&amp#27;[0m
  &amp#27;[36mThen &amp#27;[0m&amp#27;[36mTicket reservation with the appropriate details appears in the reservation database&amp#27;[0m &amp#27;[90m# airline.StepDefinitions.ticket_reservation_with_the_appropriate_details_appears_in_the_reservation_database()&amp#27;[0m
]]></system-out>
  </testcase>
  <testcase name="Example #1.4" classname="Examples" time="0.0">
    <system-out><![CDATA[
@TEST_BKD1-1952 @DemoDefault @TCD_Sync @TCD_Sync_Model_529
Scenario Outline: Valid Airplane Ticket Reservation_1                                      &amp#27;[90m# airline/1_BKD1-1952.feature:53&amp#27;[0m
  &amp#27;[32mGiven &amp#27;[0m&amp#27;[32mUser navigates to the ticket reservation application&amp#27;[0m                               &amp#27;[90m# airline.StepDefinitions.user_navigates_to_the_ticket_reservation_application()&amp#27;[0m
  &amp#27;[32mWhen &amp#27;[0m&amp#27;[32mUser books a flight from &amp#27;[0m&amp#27;[32m&amp#27;[1m"India"&amp#27;[0m&amp#27;[32m to &amp#27;[0m&amp#27;[32m&amp#27;[1m"Portugal"&amp#27;[0m                                      &amp#27;[90m# airline.StepDefinitions.userBooksAFlightFromFlyingFromToFlyingTo(java.lang.String,java.lang.String)&amp#27;[0m
  &amp#27;[32mAnd &amp#27;[0m&amp#27;[32mSelects &amp#27;[0m&amp#27;[32m&amp#27;[1m"Business"&amp#27;[0m&amp#27;[32m class with &amp#27;[0m&amp#27;[32m&amp#27;[1m"Cabin"&amp#27;[0m&amp#27;[32m baggage&amp#27;[0m                                        &amp#27;[90m# airline.StepDefinitions.selectsClassClassWithBaggageBaggage(java.lang.String,java.lang.String)&amp#27;[0m
  &amp#27;[32mAnd &amp#27;[0m&amp#27;[32mProvides the details for &amp#27;[0m&amp#27;[32m&amp#27;[1m"1"&amp#27;[0m&amp#27;[32m adult(s) with &amp#27;[0m&amp#27;[32m&amp#27;[1m"More than 1"&amp#27;[0m&amp#27;[32m minor(s)&amp#27;[0m                    &amp#27;[90m# airline.StepDefinitions.providesTheDetailsForAdultsAdultsWithChildrenMinors(java.lang.String,java.lang.String)&amp#27;[0m
  &amp#27;[32mAnd &amp#27;[0m&amp#27;[32mChooses to pay with &amp#27;[0m&amp#27;[32m&amp#27;[1m"Credit Card"&amp#27;[0m&amp#27;[32m and clicks Buy&amp#27;[0m                                     &amp#27;[90m# airline.StepDefinitions.choosesToPayWithPaymentMethodAndClicksBuy(java.lang.String)&amp#27;[0m
  &amp#27;[32mThen &amp#27;[0m&amp#27;[32mTicket reservation with the appropriate details appears in the reservation database&amp#27;[0m &amp#27;[90m# airline.StepDefinitions.ticket_reservation_with_the_appropriate_details_appears_in_the_reservation_database()&amp#27;[0m
]]></system-out>
  </testcase>
  <testcase name="Example #1.5" classname="Examples" time="0.018">
    <system-out><![CDATA[
@TEST_BKD1-1952 @DemoDefault @TCD_Sync @TCD_Sync_Model_529
Scenario Outline: Valid Airplane Ticket Reservation_1                                      &amp#27;[90m# airline/1_BKD1-1952.feature:54&amp#27;[0m
  &amp#27;[32mGiven &amp#27;[0m&amp#27;[32mUser navigates to the ticket reservation application&amp#27;[0m                               &amp#27;[90m# airline.StepDefinitions.user_navigates_to_the_ticket_reservation_application()&amp#27;[0m
  &amp#27;[32mWhen &amp#27;[0m&amp#27;[32mUser books a flight from &amp#27;[0m&amp#27;[32m&amp#27;[1m"Portugal"&amp#27;[0m&amp#27;[32m to &amp#27;[0m&amp#27;[32m&amp#27;[1m"United States"&amp#27;[0m                              &amp#27;[90m# airline.StepDefinitions.userBooksAFlightFromFlyingFromToFlyingTo(java.lang.String,java.lang.String)&amp#27;[0m
  &amp#27;[32mAnd &amp#27;[0m&amp#27;[32mSelects &amp#27;[0m&amp#27;[32m&amp#27;[1m"First"&amp#27;[0m&amp#27;[32m class with &amp#27;[0m&amp#27;[32m&amp#27;[1m"Hold"&amp#27;[0m&amp#27;[32m baggage&amp#27;[0m                                            &amp#27;[90m# airline.StepDefinitions.selectsClassClassWithBaggageBaggage(java.lang.String,java.lang.String)&amp#27;[0m
  &amp#27;[32mAnd &amp#27;[0m&amp#27;[32mProvides the details for &amp#27;[0m&amp#27;[32m&amp#27;[1m"2"&amp#27;[0m&amp#27;[32m adult(s) with &amp#27;[0m&amp#27;[32m&amp#27;[1m"0"&amp#27;[0m&amp#27;[32m minor(s)&amp#27;[0m                              &amp#27;[90m# airline.StepDefinitions.providesTheDetailsForAdultsAdultsWithChildrenMinors(java.lang.String,java.lang.String)&amp#27;[0m
  &amp#27;[32mAnd &amp#27;[0m&amp#27;[32mChooses to pay with &amp#27;[0m&amp#27;[32m&amp#27;[1m"Bank Transfer"&amp#27;[0m&amp#27;[32m and clicks Buy&amp#27;[0m                                   &amp#27;[90m# airline.StepDefinitions.choosesToPayWithPaymentMethodAndClicksBuy(java.lang.String)&amp#27;[0m
  &amp#27;[32mThen &amp#27;[0m&amp#27;[32mTicket reservation with the appropriate details appears in the reservation database&amp#27;[0m &amp#27;[90m# airline.StepDefinitions.ticket_reservation_with_the_appropriate_details_appears_in_the_reservation_database()&amp#27;[0m
]]></system-out>
  </testcase>
  <testcase name="Example #1.6" classname="Examples" time="0.013">
    <failure message="When travelling with children, custormer will not be able to pay with crypto" type="java.lang.AssertionError"><![CDATA[java.lang.AssertionError: When travelling with children, custormer will not be able to pay with crypto
	at airline.StepDefinitions.choosesToPayWithPaymentMethodAndClicksBuy(StepDefinitions.java:47)
	at ✽.Chooses to pay with "Crypto" and clicks Buy(classpath:airline/1_BKD1-1952.feature:46)
]]></failure>
    <system-out><![CDATA[
@TEST_BKD1-1952 @DemoDefault @TCD_Sync @TCD_Sync_Model_529
Scenario Outline: Valid Airplane Ticket Reservation_1                                      &amp#27;[90m# airline/1_BKD1-1952.feature:55&amp#27;[0m
  &amp#27;[32mGiven &amp#27;[0m&amp#27;[32mUser navigates to the ticket reservation application&amp#27;[0m                               &amp#27;[90m# airline.StepDefinitions.user_navigates_to_the_ticket_reservation_application()&amp#27;[0m
  &amp#27;[32mWhen &amp#27;[0m&amp#27;[32mUser books a flight from &amp#27;[0m&amp#27;[32m&amp#27;[1m"United States"&amp#27;[0m&amp#27;[32m to &amp#27;[0m&amp#27;[32m&amp#27;[1m"India"&amp#27;[0m                                 &amp#27;[90m# airline.StepDefinitions.userBooksAFlightFromFlyingFromToFlyingTo(java.lang.String,java.lang.String)&amp#27;[0m
  &amp#27;[32mAnd &amp#27;[0m&amp#27;[32mSelects &amp#27;[0m&amp#27;[32m&amp#27;[1m"Coach"&amp#27;[0m&amp#27;[32m class with &amp#27;[0m&amp#27;[32m&amp#27;[1m"None"&amp#27;[0m&amp#27;[32m baggage&amp#27;[0m                                            &amp#27;[90m# airline.StepDefinitions.selectsClassClassWithBaggageBaggage(java.lang.String,java.lang.String)&amp#27;[0m
  &amp#27;[32mAnd &amp#27;[0m&amp#27;[32mProvides the details for &amp#27;[0m&amp#27;[32m&amp#27;[1m"More than 2"&amp#27;[0m&amp#27;[32m adult(s) with &amp#27;[0m&amp#27;[32m&amp#27;[1m"1"&amp#27;[0m&amp#27;[32m minor(s)&amp#27;[0m                    &amp#27;[90m# airline.StepDefinitions.providesTheDetailsForAdultsAdultsWithChildrenMinors(java.lang.String,java.lang.String)&amp#27;[0m
  &amp#27;[31mAnd &amp#27;[0m&amp#27;[31mChooses to pay with &amp#27;[0m&amp#27;[31m&amp#27;[1m"Crypto"&amp#27;[0m&amp#27;[31m and clicks Buy&amp#27;[0m                                          &amp#27;[90m# airline.StepDefinitions.choosesToPayWithPaymentMethodAndClicksBuy(java.lang.String)&amp#27;[0m
      &amp#27;[31mjava.lang.AssertionError: When travelling with children, custormer will not be able to pay with crypto
	at airline.StepDefinitions.choosesToPayWithPaymentMethodAndClicksBuy(StepDefinitions.java:47)
	at ✽.Chooses to pay with "Crypto" and clicks Buy(classpath:airline/1_BKD1-1952.feature:46)
&amp#27;[0m
  &amp#27;[36mThen &amp#27;[0m&amp#27;[36mTicket reservation with the appropriate details appears in the reservation database&amp#27;[0m &amp#27;[90m# airline.StepDefinitions.ticket_reservation_with_the_appropriate_details_appears_in_the_reservation_database()&amp#27;[0m
]]></system-out>
  </testcase>
  <testcase name="Example #1.7" classname="Examples" time="0.003">
    <system-out><![CDATA[
@TEST_BKD1-1952 @DemoDefault @TCD_Sync @TCD_Sync_Model_529
Scenario Outline: Valid Airplane Ticket Reservation_1                                      &amp#27;[90m# airline/1_BKD1-1952.feature:56&amp#27;[0m
  &amp#27;[32mGiven &amp#27;[0m&amp#27;[32mUser navigates to the ticket reservation application&amp#27;[0m                               &amp#27;[90m# airline.StepDefinitions.user_navigates_to_the_ticket_reservation_application()&amp#27;[0m
  &amp#27;[32mWhen &amp#27;[0m&amp#27;[32mUser books a flight from &amp#27;[0m&amp#27;[32m&amp#27;[1m"Portugal"&amp#27;[0m&amp#27;[32m to &amp#27;[0m&amp#27;[32m&amp#27;[1m"United States"&amp#27;[0m                              &amp#27;[90m# airline.StepDefinitions.userBooksAFlightFromFlyingFromToFlyingTo(java.lang.String,java.lang.String)&amp#27;[0m
  &amp#27;[32mAnd &amp#27;[0m&amp#27;[32mSelects &amp#27;[0m&amp#27;[32m&amp#27;[1m"Business"&amp#27;[0m&amp#27;[32m class with &amp#27;[0m&amp#27;[32m&amp#27;[1m"Cabin"&amp#27;[0m&amp#27;[32m baggage&amp#27;[0m                                        &amp#27;[90m# airline.StepDefinitions.selectsClassClassWithBaggageBaggage(java.lang.String,java.lang.String)&amp#27;[0m
  &amp#27;[32mAnd &amp#27;[0m&amp#27;[32mProvides the details for &amp#27;[0m&amp#27;[32m&amp#27;[1m"More than 2"&amp#27;[0m&amp#27;[32m adult(s) with &amp#27;[0m&amp#27;[32m&amp#27;[1m"0"&amp#27;[0m&amp#27;[32m minor(s)&amp#27;[0m                    &amp#27;[90m# airline.StepDefinitions.providesTheDetailsForAdultsAdultsWithChildrenMinors(java.lang.String,java.lang.String)&amp#27;[0m
  &amp#27;[32mAnd &amp#27;[0m&amp#27;[32mChooses to pay with &amp#27;[0m&amp#27;[32m&amp#27;[1m"Crypto"&amp#27;[0m&amp#27;[32m and clicks Buy&amp#27;[0m                                          &amp#27;[90m# airline.StepDefinitions.choosesToPayWithPaymentMethodAndClicksBuy(java.lang.String)&amp#27;[0m
  &amp#27;[32mThen &amp#27;[0m&amp#27;[32mTicket reservation with the appropriate details appears in the reservation database&amp#27;[0m &amp#27;[90m# airline.StepDefinitions.ticket_reservation_with_the_appropriate_details_appears_in_the_reservation_database()&amp#27;[0m
]]></system-out>
  </testcase>
  <testcase name="Example #1.8" classname="Examples" time="0.015">
    <system-out><![CDATA[
@TEST_BKD1-1952 @DemoDefault @TCD_Sync @TCD_Sync_Model_529
Scenario Outline: Valid Airplane Ticket Reservation_1                                      &amp#27;[90m# airline/1_BKD1-1952.feature:57&amp#27;[0m
  &amp#27;[32mGiven &amp#27;[0m&amp#27;[32mUser navigates to the ticket reservation application&amp#27;[0m                               &amp#27;[90m# airline.StepDefinitions.user_navigates_to_the_ticket_reservation_application()&amp#27;[0m
  &amp#27;[32mWhen &amp#27;[0m&amp#27;[32mUser books a flight from &amp#27;[0m&amp#27;[32m&amp#27;[1m"United States"&amp#27;[0m&amp#27;[32m to &amp#27;[0m&amp#27;[32m&amp#27;[1m"India"&amp#27;[0m                                 &amp#27;[90m# airline.StepDefinitions.userBooksAFlightFromFlyingFromToFlyingTo(java.lang.String,java.lang.String)&amp#27;[0m
  &amp#27;[32mAnd &amp#27;[0m&amp#27;[32mSelects &amp#27;[0m&amp#27;[32m&amp#27;[1m"First"&amp#27;[0m&amp#27;[32m class with &amp#27;[0m&amp#27;[32m&amp#27;[1m"Hold"&amp#27;[0m&amp#27;[32m baggage&amp#27;[0m                                            &amp#27;[90m# airline.StepDefinitions.selectsClassClassWithBaggageBaggage(java.lang.String,java.lang.String)&amp#27;[0m
  &amp#27;[32mAnd &amp#27;[0m&amp#27;[32mProvides the details for &amp#27;[0m&amp#27;[32m&amp#27;[1m"1"&amp#27;[0m&amp#27;[32m adult(s) with &amp#27;[0m&amp#27;[32m&amp#27;[1m"1"&amp#27;[0m&amp#27;[32m minor(s)&amp#27;[0m                              &amp#27;[90m# airline.StepDefinitions.providesTheDetailsForAdultsAdultsWithChildrenMinors(java.lang.String,java.lang.String)&amp#27;[0m
  &amp#27;[32mAnd &amp#27;[0m&amp#27;[32mChooses to pay with &amp#27;[0m&amp#27;[32m&amp#27;[1m"Credit Card"&amp#27;[0m&amp#27;[32m and clicks Buy&amp#27;[0m                                     &amp#27;[90m# airline.StepDefinitions.choosesToPayWithPaymentMethodAndClicksBuy(java.lang.String)&amp#27;[0m
  &amp#27;[32mThen &amp#27;[0m&amp#27;[32mTicket reservation with the appropriate details appears in the reservation database&amp#27;[0m &amp#27;[90m# airline.StepDefinitions.ticket_reservation_with_the_appropriate_details_appears_in_the_reservation_database()&amp#27;[0m
]]></system-out>
  </testcase>
  <testcase name="Example #1.9" classname="Examples" time="0.012">
    <system-out><![CDATA[
@TEST_BKD1-1952 @DemoDefault @TCD_Sync @TCD_Sync_Model_529
Scenario Outline: Valid Airplane Ticket Reservation_1                                      &amp#27;[90m# airline/1_BKD1-1952.feature:58&amp#27;[0m
  &amp#27;[32mGiven &amp#27;[0m&amp#27;[32mUser navigates to the ticket reservation application&amp#27;[0m                               &amp#27;[90m# airline.StepDefinitions.user_navigates_to_the_ticket_reservation_application()&amp#27;[0m
  &amp#27;[32mWhen &amp#27;[0m&amp#27;[32mUser books a flight from &amp#27;[0m&amp#27;[32m&amp#27;[1m"India"&amp#27;[0m&amp#27;[32m to &amp#27;[0m&amp#27;[32m&amp#27;[1m"Portugal"&amp#27;[0m                                      &amp#27;[90m# airline.StepDefinitions.userBooksAFlightFromFlyingFromToFlyingTo(java.lang.String,java.lang.String)&amp#27;[0m
  &amp#27;[32mAnd &amp#27;[0m&amp#27;[32mSelects &amp#27;[0m&amp#27;[32m&amp#27;[1m"Coach"&amp#27;[0m&amp#27;[32m class with &amp#27;[0m&amp#27;[32m&amp#27;[1m"None"&amp#27;[0m&amp#27;[32m baggage&amp#27;[0m                                            &amp#27;[90m# airline.StepDefinitions.selectsClassClassWithBaggageBaggage(java.lang.String,java.lang.String)&amp#27;[0m
  &amp#27;[32mAnd &amp#27;[0m&amp#27;[32mProvides the details for &amp#27;[0m&amp#27;[32m&amp#27;[1m"2"&amp#27;[0m&amp#27;[32m adult(s) with &amp#27;[0m&amp#27;[32m&amp#27;[1m"More than 1"&amp#27;[0m&amp#27;[32m minor(s)&amp#27;[0m                    &amp#27;[90m# airline.StepDefinitions.providesTheDetailsForAdultsAdultsWithChildrenMinors(java.lang.String,java.lang.String)&amp#27;[0m
  &amp#27;[32mAnd &amp#27;[0m&amp#27;[32mChooses to pay with &amp#27;[0m&amp#27;[32m&amp#27;[1m"Bank Transfer"&amp#27;[0m&amp#27;[32m and clicks Buy&amp#27;[0m                                   &amp#27;[90m# airline.StepDefinitions.choosesToPayWithPaymentMethodAndClicksBuy(java.lang.String)&amp#27;[0m
  &amp#27;[32mThen &amp#27;[0m&amp#27;[32mTicket reservation with the appropriate details appears in the reservation database&amp#27;[0m &amp#27;[90m# airline.StepDefinitions.ticket_reservation_with_the_appropriate_details_appears_in_the_reservation_database()&amp#27;[0m
]]></system-out>
  </testcase>
  <testcase name="Example #1.10" classname="Examples" time="0.007">
    <system-out><![CDATA[
@TEST_BKD1-1952 @DemoDefault @TCD_Sync @TCD_Sync_Model_529
Scenario Outline: Valid Airplane Ticket Reservation_1                                      &amp#27;[90m# airline/1_BKD1-1952.feature:59&amp#27;[0m
  &amp#27;[32mGiven &amp#27;[0m&amp#27;[32mUser navigates to the ticket reservation application&amp#27;[0m                               &amp#27;[90m# airline.StepDefinitions.user_navigates_to_the_ticket_reservation_application()&amp#27;[0m
  &amp#27;[32mWhen &amp#27;[0m&amp#27;[32mUser books a flight from &amp#27;[0m&amp#27;[32m&amp#27;[1m"United States"&amp#27;[0m&amp#27;[32m to &amp#27;[0m&amp#27;[32m&amp#27;[1m"India"&amp#27;[0m                                 &amp#27;[90m# airline.StepDefinitions.userBooksAFlightFromFlyingFromToFlyingTo(java.lang.String,java.lang.String)&amp#27;[0m
  &amp#27;[32mAnd &amp#27;[0m&amp#27;[32mSelects &amp#27;[0m&amp#27;[32m&amp#27;[1m"Coach"&amp#27;[0m&amp#27;[32m class with &amp#27;[0m&amp#27;[32m&amp#27;[1m"Hold"&amp#27;[0m&amp#27;[32m baggage&amp#27;[0m                                            &amp#27;[90m# airline.StepDefinitions.selectsClassClassWithBaggageBaggage(java.lang.String,java.lang.String)&amp#27;[0m
  &amp#27;[32mAnd &amp#27;[0m&amp#27;[32mProvides the details for &amp#27;[0m&amp#27;[32m&amp#27;[1m"More than 2"&amp#27;[0m&amp#27;[32m adult(s) with &amp#27;[0m&amp#27;[32m&amp#27;[1m"0"&amp#27;[0m&amp#27;[32m minor(s)&amp#27;[0m                    &amp#27;[90m# airline.StepDefinitions.providesTheDetailsForAdultsAdultsWithChildrenMinors(java.lang.String,java.lang.String)&amp#27;[0m
  &amp#27;[32mAnd &amp#27;[0m&amp#27;[32mChooses to pay with &amp#27;[0m&amp#27;[32m&amp#27;[1m"Credit Card"&amp#27;[0m&amp#27;[32m and clicks Buy&amp#27;[0m                                     &amp#27;[90m# airline.StepDefinitions.choosesToPayWithPaymentMethodAndClicksBuy(java.lang.String)&amp#27;[0m
  &amp#27;[32mThen &amp#27;[0m&amp#27;[32mTicket reservation with the appropriate details appears in the reservation database&amp#27;[0m &amp#27;[90m# airline.StepDefinitions.ticket_reservation_with_the_appropriate_details_appears_in_the_reservation_database()&amp#27;[0m
]]></system-out>
  </testcase>
  <testcase name="Example #1.11" classname="Examples" time="0.012">
    <system-out><![CDATA[
@TEST_BKD1-1952 @DemoDefault @TCD_Sync @TCD_Sync_Model_529
Scenario Outline: Valid Airplane Ticket Reservation_1                                      &amp#27;[90m# airline/1_BKD1-1952.feature:60&amp#27;[0m
  &amp#27;[32mGiven &amp#27;[0m&amp#27;[32mUser navigates to the ticket reservation application&amp#27;[0m                               &amp#27;[90m# airline.StepDefinitions.user_navigates_to_the_ticket_reservation_application()&amp#27;[0m
  &amp#27;[32mWhen &amp#27;[0m&amp#27;[32mUser books a flight from &amp#27;[0m&amp#27;[32m&amp#27;[1m"Portugal"&amp#27;[0m&amp#27;[32m to &amp#27;[0m&amp#27;[32m&amp#27;[1m"India"&amp#27;[0m                                      &amp#27;[90m# airline.StepDefinitions.userBooksAFlightFromFlyingFromToFlyingTo(java.lang.String,java.lang.String)&amp#27;[0m
  &amp#27;[32mAnd &amp#27;[0m&amp#27;[32mSelects &amp#27;[0m&amp#27;[32m&amp#27;[1m"Business"&amp#27;[0m&amp#27;[32m class with &amp#27;[0m&amp#27;[32m&amp#27;[1m"None"&amp#27;[0m&amp#27;[32m baggage&amp#27;[0m                                         &amp#27;[90m# airline.StepDefinitions.selectsClassClassWithBaggageBaggage(java.lang.String,java.lang.String)&amp#27;[0m
  &amp#27;[32mAnd &amp#27;[0m&amp#27;[32mProvides the details for &amp#27;[0m&amp#27;[32m&amp#27;[1m"1"&amp#27;[0m&amp#27;[32m adult(s) with &amp#27;[0m&amp#27;[32m&amp#27;[1m"More than 1"&amp#27;[0m&amp#27;[32m minor(s)&amp#27;[0m                    &amp#27;[90m# airline.StepDefinitions.providesTheDetailsForAdultsAdultsWithChildrenMinors(java.lang.String,java.lang.String)&amp#27;[0m
  &amp#27;[32mAnd &amp#27;[0m&amp#27;[32mChooses to pay with &amp#27;[0m&amp#27;[32m&amp#27;[1m"Bank Transfer"&amp#27;[0m&amp#27;[32m and clicks Buy&amp#27;[0m                                   &amp#27;[90m# airline.StepDefinitions.choosesToPayWithPaymentMethodAndClicksBuy(java.lang.String)&amp#27;[0m
  &amp#27;[32mThen &amp#27;[0m&amp#27;[32mTicket reservation with the appropriate details appears in the reservation database&amp#27;[0m &amp#27;[90m# airline.StepDefinitions.ticket_reservation_with_the_appropriate_details_appears_in_the_reservation_database()&amp#27;[0m
]]></system-out>
  </testcase>
  <testcase name="Example #1.12" classname="Examples" time="0.0">
    <failure message="When travelling with children, custormer will not be able to pay with crypto" type="java.lang.AssertionError"><![CDATA[java.lang.AssertionError: When travelling with children, custormer will not be able to pay with crypto
	at airline.StepDefinitions.choosesToPayWithPaymentMethodAndClicksBuy(StepDefinitions.java:47)
	at ✽.Chooses to pay with "Crypto" and clicks Buy(classpath:airline/1_BKD1-1952.feature:46)
]]></failure>
    <system-out><![CDATA[
@TEST_BKD1-1952 @DemoDefault @TCD_Sync @TCD_Sync_Model_529
Scenario Outline: Valid Airplane Ticket Reservation_1                                      &amp#27;[90m# airline/1_BKD1-1952.feature:61&amp#27;[0m
  &amp#27;[32mGiven &amp#27;[0m&amp#27;[32mUser navigates to the ticket reservation application&amp#27;[0m                               &amp#27;[90m# airline.StepDefinitions.user_navigates_to_the_ticket_reservation_application()&amp#27;[0m
  &amp#27;[32mWhen &amp#27;[0m&amp#27;[32mUser books a flight from &amp#27;[0m&amp#27;[32m&amp#27;[1m"India"&amp#27;[0m&amp#27;[32m to &amp#27;[0m&amp#27;[32m&amp#27;[1m"United States"&amp#27;[0m                                 &amp#27;[90m# airline.StepDefinitions.userBooksAFlightFromFlyingFromToFlyingTo(java.lang.String,java.lang.String)&amp#27;[0m
  &amp#27;[32mAnd &amp#27;[0m&amp#27;[32mSelects &amp#27;[0m&amp#27;[32m&amp#27;[1m"First"&amp#27;[0m&amp#27;[32m class with &amp#27;[0m&amp#27;[32m&amp#27;[1m"Cabin"&amp#27;[0m&amp#27;[32m baggage&amp#27;[0m                                           &amp#27;[90m# airline.StepDefinitions.selectsClassClassWithBaggageBaggage(java.lang.String,java.lang.String)&amp#27;[0m
  &amp#27;[32mAnd &amp#27;[0m&amp#27;[32mProvides the details for &amp#27;[0m&amp#27;[32m&amp#27;[1m"2"&amp#27;[0m&amp#27;[32m adult(s) with &amp#27;[0m&amp#27;[32m&amp#27;[1m"1"&amp#27;[0m&amp#27;[32m minor(s)&amp#27;[0m                              &amp#27;[90m# airline.StepDefinitions.providesTheDetailsForAdultsAdultsWithChildrenMinors(java.lang.String,java.lang.String)&amp#27;[0m
  &amp#27;[31mAnd &amp#27;[0m&amp#27;[31mChooses to pay with &amp#27;[0m&amp#27;[31m&amp#27;[1m"Crypto"&amp#27;[0m&amp#27;[31m and clicks Buy&amp#27;[0m                                          &amp#27;[90m# airline.StepDefinitions.choosesToPayWithPaymentMethodAndClicksBuy(java.lang.String)&amp#27;[0m
      &amp#27;[31mjava.lang.AssertionError: When travelling with children, custormer will not be able to pay with crypto
	at airline.StepDefinitions.choosesToPayWithPaymentMethodAndClicksBuy(StepDefinitions.java:47)
	at ✽.Chooses to pay with "Crypto" and clicks Buy(classpath:airline/1_BKD1-1952.feature:46)
&amp#27;[0m
  &amp#27;[36mThen &amp#27;[0m&amp#27;[36mTicket reservation with the appropriate details appears in the reservation database&amp#27;[0m &amp#27;[90m# airline.StepDefinitions.ticket_reservation_with_the_appropriate_details_appears_in_the_reservation_database()&amp#27;[0m
]]></system-out>
  </testcase>
  <testcase name="Example #1.13" classname="Examples" time="0.017">
    <system-out><![CDATA[
@TEST_BKD1-1952 @DemoDefault @TCD_Sync @TCD_Sync_Model_529
Scenario Outline: Valid Airplane Ticket Reservation_1                                      &amp#27;[90m# airline/1_BKD1-1952.feature:62&amp#27;[0m
  &amp#27;[32mGiven &amp#27;[0m&amp#27;[32mUser navigates to the ticket reservation application&amp#27;[0m                               &amp#27;[90m# airline.StepDefinitions.user_navigates_to_the_ticket_reservation_application()&amp#27;[0m
  &amp#27;[32mWhen &amp#27;[0m&amp#27;[32mUser books a flight from &amp#27;[0m&amp#27;[32m&amp#27;[1m"United States"&amp#27;[0m&amp#27;[32m to &amp#27;[0m&amp#27;[32m&amp#27;[1m"Portugal"&amp#27;[0m                              &amp#27;[90m# airline.StepDefinitions.userBooksAFlightFromFlyingFromToFlyingTo(java.lang.String,java.lang.String)&amp#27;[0m
  &amp#27;[32mAnd &amp#27;[0m&amp#27;[32mSelects &amp#27;[0m&amp#27;[32m&amp#27;[1m"Coach"&amp#27;[0m&amp#27;[32m class with &amp#27;[0m&amp#27;[32m&amp#27;[1m"Cabin"&amp#27;[0m&amp#27;[32m baggage&amp#27;[0m                                           &amp#27;[90m# airline.StepDefinitions.selectsClassClassWithBaggageBaggage(java.lang.String,java.lang.String)&amp#27;[0m
  &amp#27;[32mAnd &amp#27;[0m&amp#27;[32mProvides the details for &amp#27;[0m&amp#27;[32m&amp#27;[1m"2"&amp#27;[0m&amp#27;[32m adult(s) with &amp#27;[0m&amp#27;[32m&amp#27;[1m"0"&amp#27;[0m&amp#27;[32m minor(s)&amp#27;[0m                              &amp#27;[90m# airline.StepDefinitions.providesTheDetailsForAdultsAdultsWithChildrenMinors(java.lang.String,java.lang.String)&amp#27;[0m
  &amp#27;[32mAnd &amp#27;[0m&amp#27;[32mChooses to pay with &amp#27;[0m&amp#27;[32m&amp#27;[1m"Credit Card"&amp#27;[0m&amp#27;[32m and clicks Buy&amp#27;[0m                                     &amp#27;[90m# airline.StepDefinitions.choosesToPayWithPaymentMethodAndClicksBuy(java.lang.String)&amp#27;[0m
  &amp#27;[32mThen &amp#27;[0m&amp#27;[32mTicket reservation with the appropriate details appears in the reservation database&amp#27;[0m &amp#27;[90m# airline.StepDefinitions.ticket_reservation_with_the_appropriate_details_appears_in_the_reservation_database()&amp#27;[0m
]]></system-out>
  </testcase>
  <testcase name="Example #1.14" classname="Examples" time="0.002">
    <failure message="When travelling with children, custormer will not be able to pay with crypto" type="java.lang.AssertionError"><![CDATA[java.lang.AssertionError: When travelling with children, custormer will not be able to pay with crypto
	at airline.StepDefinitions.choosesToPayWithPaymentMethodAndClicksBuy(StepDefinitions.java:47)
	at ✽.Chooses to pay with "Crypto" and clicks Buy(classpath:airline/1_BKD1-1952.feature:46)
]]></failure>
    <system-out><![CDATA[
@TEST_BKD1-1952 @DemoDefault @TCD_Sync @TCD_Sync_Model_529
Scenario Outline: Valid Airplane Ticket Reservation_1                                      &amp#27;[90m# airline/1_BKD1-1952.feature:63&amp#27;[0m
  &amp#27;[32mGiven &amp#27;[0m&amp#27;[32mUser navigates to the ticket reservation application&amp#27;[0m                               &amp#27;[90m# airline.StepDefinitions.user_navigates_to_the_ticket_reservation_application()&amp#27;[0m
  &amp#27;[32mWhen &amp#27;[0m&amp#27;[32mUser books a flight from &amp#27;[0m&amp#27;[32m&amp#27;[1m"Portugal"&amp#27;[0m&amp#27;[32m to &amp#27;[0m&amp#27;[32m&amp#27;[1m"United States"&amp#27;[0m                              &amp#27;[90m# airline.StepDefinitions.userBooksAFlightFromFlyingFromToFlyingTo(java.lang.String,java.lang.String)&amp#27;[0m
  &amp#27;[32mAnd &amp#27;[0m&amp#27;[32mSelects &amp#27;[0m&amp#27;[32m&amp#27;[1m"First"&amp#27;[0m&amp#27;[32m class with &amp#27;[0m&amp#27;[32m&amp#27;[1m"None"&amp#27;[0m&amp#27;[32m baggage&amp#27;[0m                                            &amp#27;[90m# airline.StepDefinitions.selectsClassClassWithBaggageBaggage(java.lang.String,java.lang.String)&amp#27;[0m
  &amp#27;[32mAnd &amp#27;[0m&amp#27;[32mProvides the details for &amp#27;[0m&amp#27;[32m&amp#27;[1m"1"&amp#27;[0m&amp#27;[32m adult(s) with &amp#27;[0m&amp#27;[32m&amp#27;[1m"1"&amp#27;[0m&amp#27;[32m minor(s)&amp#27;[0m                              &amp#27;[90m# airline.StepDefinitions.providesTheDetailsForAdultsAdultsWithChildrenMinors(java.lang.String,java.lang.String)&amp#27;[0m
  &amp#27;[31mAnd &amp#27;[0m&amp#27;[31mChooses to pay with &amp#27;[0m&amp#27;[31m&amp#27;[1m"Crypto"&amp#27;[0m&amp#27;[31m and clicks Buy&amp#27;[0m                                          &amp#27;[90m# airline.StepDefinitions.choosesToPayWithPaymentMethodAndClicksBuy(java.lang.String)&amp#27;[0m
      &amp#27;[31mjava.lang.AssertionError: When travelling with children, custormer will not be able to pay with crypto
	at airline.StepDefinitions.choosesToPayWithPaymentMethodAndClicksBuy(StepDefinitions.java:47)
	at ✽.Chooses to pay with "Crypto" and clicks Buy(classpath:airline/1_BKD1-1952.feature:46)
&amp#27;[0m
  &amp#27;[36mThen &amp#27;[0m&amp#27;[36mTicket reservation with the appropriate details appears in the reservation database&amp#27;[0m &amp#27;[90m# airline.StepDefinitions.ticket_reservation_with_the_appropriate_details_appears_in_the_reservation_database()&amp#27;[0m
]]></system-out>
  </testcase>
  <testcase name="Example #1.15" classname="Examples" time="0.011">
    <system-out><![CDATA[
@TEST_BKD1-1952 @DemoDefault @TCD_Sync @TCD_Sync_Model_529
Scenario Outline: Valid Airplane Ticket Reservation_1                                      &amp#27;[90m# airline/1_BKD1-1952.feature:64&amp#27;[0m
  &amp#27;[32mGiven &amp#27;[0m&amp#27;[32mUser navigates to the ticket reservation application&amp#27;[0m                               &amp#27;[90m# airline.StepDefinitions.user_navigates_to_the_ticket_reservation_application()&amp#27;[0m
  &amp#27;[32mWhen &amp#27;[0m&amp#27;[32mUser books a flight from &amp#27;[0m&amp#27;[32m&amp#27;[1m"India"&amp#27;[0m&amp#27;[32m to &amp#27;[0m&amp#27;[32m&amp#27;[1m"United States"&amp#27;[0m                                 &amp#27;[90m# airline.StepDefinitions.userBooksAFlightFromFlyingFromToFlyingTo(java.lang.String,java.lang.String)&amp#27;[0m
  &amp#27;[32mAnd &amp#27;[0m&amp#27;[32mSelects &amp#27;[0m&amp#27;[32m&amp#27;[1m"Business"&amp#27;[0m&amp#27;[32m class with &amp#27;[0m&amp#27;[32m&amp#27;[1m"Hold"&amp#27;[0m&amp#27;[32m baggage&amp#27;[0m                                         &amp#27;[90m# airline.StepDefinitions.selectsClassClassWithBaggageBaggage(java.lang.String,java.lang.String)&amp#27;[0m
  &amp#27;[32mAnd &amp#27;[0m&amp#27;[32mProvides the details for &amp#27;[0m&amp#27;[32m&amp#27;[1m"More than 2"&amp#27;[0m&amp#27;[32m adult(s) with &amp#27;[0m&amp#27;[32m&amp#27;[1m"More than 1"&amp#27;[0m&amp#27;[32m minor(s)&amp#27;[0m          &amp#27;[90m# airline.StepDefinitions.providesTheDetailsForAdultsAdultsWithChildrenMinors(java.lang.String,java.lang.String)&amp#27;[0m
  &amp#27;[32mAnd &amp#27;[0m&amp#27;[32mChooses to pay with &amp#27;[0m&amp#27;[32m&amp#27;[1m"Bank Transfer"&amp#27;[0m&amp#27;[32m and clicks Buy&amp#27;[0m                                   &amp#27;[90m# airline.StepDefinitions.choosesToPayWithPaymentMethodAndClicksBuy(java.lang.String)&amp#27;[0m
  &amp#27;[32mThen &amp#27;[0m&amp#27;[32mTicket reservation with the appropriate details appears in the reservation database&amp#27;[0m &amp#27;[90m# airline.StepDefinitions.ticket_reservation_with_the_appropriate_details_appears_in_the_reservation_database()&amp#27;[0m
]]></system-out>
  </testcase>
  <testcase name="Example #1.16" classname="Examples" time="0.005">
    <system-out><![CDATA[
@TEST_BKD1-1952 @DemoDefault @TCD_Sync @TCD_Sync_Model_529
Scenario Outline: Valid Airplane Ticket Reservation_1                                      &amp#27;[90m# airline/1_BKD1-1952.feature:65&amp#27;[0m
  &amp#27;[32mGiven &amp#27;[0m&amp#27;[32mUser navigates to the ticket reservation application&amp#27;[0m                               &amp#27;[90m# airline.StepDefinitions.user_navigates_to_the_ticket_reservation_application()&amp#27;[0m
  &amp#27;[32mWhen &amp#27;[0m&amp#27;[32mUser books a flight from &amp#27;[0m&amp#27;[32m&amp#27;[1m"India"&amp#27;[0m&amp#27;[32m to &amp#27;[0m&amp#27;[32m&amp#27;[1m"United States"&amp#27;[0m                                 &amp#27;[90m# airline.StepDefinitions.userBooksAFlightFromFlyingFromToFlyingTo(java.lang.String,java.lang.String)&amp#27;[0m
  &amp#27;[32mAnd &amp#27;[0m&amp#27;[32mSelects &amp#27;[0m&amp#27;[32m&amp#27;[1m"Business"&amp#27;[0m&amp#27;[32m class with &amp#27;[0m&amp#27;[32m&amp#27;[1m"Cabin"&amp#27;[0m&amp#27;[32m baggage&amp#27;[0m                                        &amp#27;[90m# airline.StepDefinitions.selectsClassClassWithBaggageBaggage(java.lang.String,java.lang.String)&amp#27;[0m
  &amp#27;[32mAnd &amp#27;[0m&amp#27;[32mProvides the details for &amp#27;[0m&amp#27;[32m&amp#27;[1m"More than 2"&amp#27;[0m&amp#27;[32m adult(s) with &amp#27;[0m&amp#27;[32m&amp#27;[1m"0"&amp#27;[0m&amp#27;[32m minor(s)&amp#27;[0m                    &amp#27;[90m# airline.StepDefinitions.providesTheDetailsForAdultsAdultsWithChildrenMinors(java.lang.String,java.lang.String)&amp#27;[0m
  &amp#27;[32mAnd &amp#27;[0m&amp#27;[32mChooses to pay with &amp#27;[0m&amp#27;[32m&amp#27;[1m"Credit Card"&amp#27;[0m&amp#27;[32m and clicks Buy&amp#27;[0m                                     &amp#27;[90m# airline.StepDefinitions.choosesToPayWithPaymentMethodAndClicksBuy(java.lang.String)&amp#27;[0m
  &amp#27;[32mThen &amp#27;[0m&amp#27;[32mTicket reservation with the appropriate details appears in the reservation database&amp#27;[0m &amp#27;[90m# airline.StepDefinitions.ticket_reservation_with_the_appropriate_details_appears_in_the_reservation_database()&amp#27;[0m
]]></system-out>
  </testcase>
  <testcase name="Example #1.17" classname="Examples" time="0.0">
    <failure message="When travelling with children, custormer will not be able to pay with crypto" type="java.lang.AssertionError"><![CDATA[java.lang.AssertionError: When travelling with children, custormer will not be able to pay with crypto
	at airline.StepDefinitions.choosesToPayWithPaymentMethodAndClicksBuy(StepDefinitions.java:47)
	at ✽.Chooses to pay with "Crypto" and clicks Buy(classpath:airline/1_BKD1-1952.feature:46)
]]></failure>
    <system-out><![CDATA[
@TEST_BKD1-1952 @DemoDefault @TCD_Sync @TCD_Sync_Model_529
Scenario Outline: Valid Airplane Ticket Reservation_1                                      &amp#27;[90m# airline/1_BKD1-1952.feature:66&amp#27;[0m
  &amp#27;[32mGiven &amp#27;[0m&amp#27;[32mUser navigates to the ticket reservation application&amp#27;[0m                               &amp#27;[90m# airline.StepDefinitions.user_navigates_to_the_ticket_reservation_application()&amp#27;[0m
  &amp#27;[32mWhen &amp#27;[0m&amp#27;[32mUser books a flight from &amp#27;[0m&amp#27;[32m&amp#27;[1m"United States"&amp#27;[0m&amp#27;[32m to &amp#27;[0m&amp#27;[32m&amp#27;[1m"India"&amp#27;[0m                                 &amp#27;[90m# airline.StepDefinitions.userBooksAFlightFromFlyingFromToFlyingTo(java.lang.String,java.lang.String)&amp#27;[0m
  &amp#27;[32mAnd &amp#27;[0m&amp#27;[32mSelects &amp#27;[0m&amp#27;[32m&amp#27;[1m"Coach"&amp#27;[0m&amp#27;[32m class with &amp#27;[0m&amp#27;[32m&amp#27;[1m"Hold"&amp#27;[0m&amp#27;[32m baggage&amp#27;[0m                                            &amp#27;[90m# airline.StepDefinitions.selectsClassClassWithBaggageBaggage(java.lang.String,java.lang.String)&amp#27;[0m
  &amp#27;[32mAnd &amp#27;[0m&amp#27;[32mProvides the details for &amp#27;[0m&amp#27;[32m&amp#27;[1m"More than 2"&amp#27;[0m&amp#27;[32m adult(s) with &amp#27;[0m&amp#27;[32m&amp#27;[1m"More than 1"&amp#27;[0m&amp#27;[32m minor(s)&amp#27;[0m          &amp#27;[90m# airline.StepDefinitions.providesTheDetailsForAdultsAdultsWithChildrenMinors(java.lang.String,java.lang.String)&amp#27;[0m
  &amp#27;[31mAnd &amp#27;[0m&amp#27;[31mChooses to pay with &amp#27;[0m&amp#27;[31m&amp#27;[1m"Crypto"&amp#27;[0m&amp#27;[31m and clicks Buy&amp#27;[0m                                          &amp#27;[90m# airline.StepDefinitions.choosesToPayWithPaymentMethodAndClicksBuy(java.lang.String)&amp#27;[0m
      &amp#27;[31mjava.lang.AssertionError: When travelling with children, custormer will not be able to pay with crypto
	at airline.StepDefinitions.choosesToPayWithPaymentMethodAndClicksBuy(StepDefinitions.java:47)
	at ✽.Chooses to pay with "Crypto" and clicks Buy(classpath:airline/1_BKD1-1952.feature:46)
&amp#27;[0m
  &amp#27;[36mThen &amp#27;[0m&amp#27;[36mTicket reservation with the appropriate details appears in the reservation database&amp#27;[0m &amp#27;[90m# airline.StepDefinitions.ticket_reservation_with_the_appropriate_details_appears_in_the_reservation_database()&amp#27;[0m
]]></system-out>
  </testcase>
  <testcase name="Example #1.18" classname="Examples" time="0.011">
    <system-out><![CDATA[
@TEST_BKD1-1952 @DemoDefault @TCD_Sync @TCD_Sync_Model_529
Scenario Outline: Valid Airplane Ticket Reservation_1                                      &amp#27;[90m# airline/1_BKD1-1952.feature:67&amp#27;[0m
  &amp#27;[32mGiven &amp#27;[0m&amp#27;[32mUser navigates to the ticket reservation application&amp#27;[0m                               &amp#27;[90m# airline.StepDefinitions.user_navigates_to_the_ticket_reservation_application()&amp#27;[0m
  &amp#27;[32mWhen &amp#27;[0m&amp#27;[32mUser books a flight from &amp#27;[0m&amp#27;[32m&amp#27;[1m"India"&amp#27;[0m&amp#27;[32m to &amp#27;[0m&amp#27;[32m&amp#27;[1m"Portugal"&amp#27;[0m                                      &amp#27;[90m# airline.StepDefinitions.userBooksAFlightFromFlyingFromToFlyingTo(java.lang.String,java.lang.String)&amp#27;[0m
  &amp#27;[32mAnd &amp#27;[0m&amp#27;[32mSelects &amp#27;[0m&amp#27;[32m&amp#27;[1m"First"&amp#27;[0m&amp#27;[32m class with &amp#27;[0m&amp#27;[32m&amp#27;[1m"None"&amp#27;[0m&amp#27;[32m baggage&amp#27;[0m                                            &amp#27;[90m# airline.StepDefinitions.selectsClassClassWithBaggageBaggage(java.lang.String,java.lang.String)&amp#27;[0m
  &amp#27;[32mAnd &amp#27;[0m&amp#27;[32mProvides the details for &amp#27;[0m&amp#27;[32m&amp#27;[1m"1"&amp#27;[0m&amp#27;[32m adult(s) with &amp#27;[0m&amp#27;[32m&amp#27;[1m"1"&amp#27;[0m&amp#27;[32m minor(s)&amp#27;[0m                              &amp#27;[90m# airline.StepDefinitions.providesTheDetailsForAdultsAdultsWithChildrenMinors(java.lang.String,java.lang.String)&amp#27;[0m
  &amp#27;[32mAnd &amp#27;[0m&amp#27;[32mChooses to pay with &amp#27;[0m&amp#27;[32m&amp#27;[1m"Bank Transfer"&amp#27;[0m&amp#27;[32m and clicks Buy&amp#27;[0m                                   &amp#27;[90m# airline.StepDefinitions.choosesToPayWithPaymentMethodAndClicksBuy(java.lang.String)&amp#27;[0m
  &amp#27;[32mThen &amp#27;[0m&amp#27;[32mTicket reservation with the appropriate details appears in the reservation database&amp#27;[0m &amp#27;[90m# airline.StepDefinitions.ticket_reservation_with_the_appropriate_details_appears_in_the_reservation_database()&amp#27;[0m
]]></system-out>
  </testcase>
</testsuite>